AH00558: httpd.exe: Could not reliably determine the server's fully qualified domain name, using fe80::8a2b:17a5:918:b5b. Set the 'ServerName' directive globally to suppress this message
[Sat Dec 10 10:07:18.465831 2022] [mpm_winnt:notice] [pid 13928:tid 400] AH00455: Apache/2.4.54 (Win64) configured -- resuming normal operations
[Sat Dec 10 10:07:18.465831 2022] [mpm_winnt:notice] [pid 13928:tid 400] AH00456: Apache Lounge VS17 Server built: Nov 10 2022 11:16:17
[Sat Dec 10 10:07:18.465831 2022] [core:notice] [pid 13928:tid 400] AH00094: Command line: 'C:\\Apache24\\bin\\httpd.exe -d C:/Apache24'
[Sat Dec 10 10:07:18.465831 2022] [mpm_winnt:notice] [pid 13928:tid 400] AH00418: Parent: Created child process 8464
AH00558: httpd.exe: Could not reliably determine the server's fully qualified domain name, using fe80::8a2b:17a5:918:b5b. Set the 'ServerName' directive globally to suppress this message
AH00558: httpd.exe: Could not reliably determine the server's fully qualified domain name, using fe80::8a2b:17a5:918:b5b. Set the 'ServerName' directive globally to suppress this message
[Sat Dec 10 10:07:18.951441 2022] [mpm_winnt:notice] [pid 8464:tid 452] AH00354: Child: Starting 64 worker threads.
[Sat Dec 10 11:24:51.066931 2022] [mpm_winnt:notice] [pid 13928:tid 400] AH00422: Parent: Received shutdown signal -- Shutting down the server.
[Sat Dec 10 11:24:53.088660 2022] [mpm_winnt:notice] [pid 8464:tid 452] AH00364: Child: All worker threads have exited.
[Sat Dec 10 11:24:53.170535 2022] [mpm_winnt:notice] [pid 13928:tid 400] AH00430: Parent: Child process 8464 exited successfully.
AH00558: httpd.exe: Could not reliably determine the server's fully qualified domain name, using fe80::8a2b:17a5:918:b5b. Set the 'ServerName' directive globally to suppress this message
PHP Warning:  'C:\\WINDOWS\\SYSTEM32\\VCRUNTIME140.dll' 14.0 is not compatible with this PHP build linked with 14.29 in Unknown on line 0
[Sat Dec 10 11:25:03.228600 2022] [:emerg] [pid 8492:tid 416] AH00020: Configuration Failed, exiting
AH00558: httpd.exe: Could not reliably determine the server's fully qualified domain name, using fe80::8a2b:17a5:918:b5b. Set the 'ServerName' directive globally to suppress this message
[Sat Dec 10 11:25:17.089733 2022] [core:warn] [pid 12668:tid 432] AH00098: pid file C:/Apache24/logs/httpd.pid overwritten -- Unclean shutdown of previous Apache run?
PHP Warning:  'C:\\WINDOWS\\SYSTEM32\\VCRUNTIME140.dll' 14.0 is not compatible with this PHP build linked with 14.29 in Unknown on line 0
[Sat Dec 10 11:25:17.133624 2022] [:emerg] [pid 12668:tid 432] AH00020: Configuration Failed, exiting
AH00558: httpd.exe: Could not reliably determine the server's fully qualified domain name, using fe80::8a2b:17a5:918:b5b. Set the 'ServerName' directive globally to suppress this message
[Sat Dec 10 11:25:44.114952 2022] [core:warn] [pid 13564:tid 412] AH00098: pid file C:/Apache24/logs/httpd.pid overwritten -- Unclean shutdown of previous Apache run?
PHP Warning:  'C:\\WINDOWS\\SYSTEM32\\VCRUNTIME140.dll' 14.0 is not compatible with this PHP build linked with 14.29 in Unknown on line 0
[Sat Dec 10 11:25:44.161829 2022] [:emerg] [pid 13564:tid 412] AH00020: Configuration Failed, exiting
AH00558: httpd.exe: Could not reliably determine the server's fully qualified domain name, using fe80::8a2b:17a5:918:b5b. Set the 'ServerName' directive globally to suppress this message
[Sat Dec 10 11:30:06.128576 2022] [core:warn] [pid 632:tid 400] AH00098: pid file C:/Apache24/logs/httpd.pid overwritten -- Unclean shutdown of previous Apache run?
PHP Warning:  'C:\\WINDOWS\\SYSTEM32\\VCRUNTIME140.dll' 14.0 is not compatible with this PHP build linked with 14.29 in Unknown on line 0
[Sat Dec 10 11:30:06.159494 2022] [:emerg] [pid 632:tid 400] AH00020: Configuration Failed, exiting
AH00558: httpd.exe: Could not reliably determine the server's fully qualified domain name, using fe80::8a2b:17a5:918:b5b. Set the 'ServerName' directive globally to suppress this message
[Sat Dec 10 11:35:08.519923 2022] [core:warn] [pid 1176:tid 408] AH00098: pid file C:/Apache24/logs/httpd.pid overwritten -- Unclean shutdown of previous Apache run?
PHP Warning:  'C:\\WINDOWS\\SYSTEM32\\VCRUNTIME140.dll' 14.0 is not compatible with this PHP build linked with 14.29 in Unknown on line 0
[Sat Dec 10 11:35:08.560814 2022] [:emerg] [pid 1176:tid 408] AH00020: Configuration Failed, exiting
AH00558: httpd.exe: Could not reliably determine the server's fully qualified domain name, using fe80::8a2b:17a5:918:b5b. Set the 'ServerName' directive globally to suppress this message
[Sat Dec 10 11:37:37.148661 2022] [core:warn] [pid 15124:tid 404] AH00098: pid file C:/Apache24/logs/httpd.pid overwritten -- Unclean shutdown of previous Apache run?
PHP Warning:  'C:\\WINDOWS\\SYSTEM32\\VCRUNTIME140.dll' 14.0 is not compatible with this PHP build linked with 14.29 in Unknown on line 0
[Sat Dec 10 11:37:37.186455 2022] [:emerg] [pid 15124:tid 404] AH00020: Configuration Failed, exiting
AH00558: httpd.exe: Could not reliably determine the server's fully qualified domain name, using fe80::8a2b:17a5:918:b5b. Set the 'ServerName' directive globally to suppress this message
[Sat Dec 10 11:38:41.889321 2022] [core:warn] [pid 15184:tid 384] AH00098: pid file C:/Apache24/logs/httpd.pid overwritten -- Unclean shutdown of previous Apache run?
[Sat Dec 10 11:38:41.986040 2022] [mpm_winnt:notice] [pid 15184:tid 384] AH00455: Apache/2.4.54 (Win64) PHP/8.2.0 configured -- resuming normal operations
[Sat Dec 10 11:38:41.986040 2022] [mpm_winnt:notice] [pid 15184:tid 384] AH00456: Apache Lounge VS17 Server built: Nov 10 2022 11:16:17
[Sat Dec 10 11:38:41.986040 2022] [core:notice] [pid 15184:tid 384] AH00094: Command line: 'C:\\Apache24\\bin\\httpd.exe -d C:/Apache24'
[Sat Dec 10 11:38:41.993022 2022] [mpm_winnt:notice] [pid 15184:tid 384] AH00418: Parent: Created child process 15112
AH00558: httpd.exe: Could not reliably determine the server's fully qualified domain name, using fe80::8a2b:17a5:918:b5b. Set the 'ServerName' directive globally to suppress this message
AH00558: httpd.exe: Could not reliably determine the server's fully qualified domain name, using fe80::8a2b:17a5:918:b5b. Set the 'ServerName' directive globally to suppress this message
[Sat Dec 10 11:38:42.653255 2022] [mpm_winnt:notice] [pid 15112:tid 428] AH00354: Child: Starting 64 worker threads.
[Sat Dec 10 20:14:24.742724 2022] [mpm_winnt:notice] [pid 15184:tid 384] AH00422: Parent: Received shutdown signal -- Shutting down the server.
[Sat Dec 10 20:14:26.754027 2022] [mpm_winnt:notice] [pid 15112:tid 428] AH00364: Child: All worker threads have exited.
[Sat Dec 10 20:14:26.838486 2022] [mpm_winnt:notice] [pid 15184:tid 384] AH00430: Parent: Child process 15112 exited successfully.
[Sat Dec 10 20:37:00.006499 2022] [core:error] [pid 3768:tid 404] (OS 11001)No such host is known.  : AH00547: Could not resolve host name htdocs2.com -- ignoring!
AH00558: httpd.exe: Could not reliably determine the server's fully qualified domain name, using fe80::8a2b:17a5:918:b5b. Set the 'ServerName' directive globally to suppress this message
[Sat Dec 10 20:37:00.055875 2022] [mpm_winnt:notice] [pid 3768:tid 404] AH00455: Apache/2.4.54 (Win64) PHP/8.2.0 configured -- resuming normal operations
[Sat Dec 10 20:37:00.055875 2022] [mpm_winnt:notice] [pid 3768:tid 404] AH00456: Apache Lounge VS17 Server built: Nov 10 2022 11:16:17
[Sat Dec 10 20:37:00.055875 2022] [core:notice] [pid 3768:tid 404] AH00094: Command line: 'C:\\Apache24\\bin\\httpd.exe -d C:/Apache24'
[Sat Dec 10 20:37:00.055875 2022] [mpm_winnt:notice] [pid 3768:tid 404] AH00418: Parent: Created child process 14640
[Sat Dec 10 20:37:00.472498 2022] [core:error] [pid 14640:tid 400] (OS 11001)No such host is known.  : AH00547: Could not resolve host name htdocs2.com -- ignoring!
AH00558: httpd.exe: Could not reliably determine the server's fully qualified domain name, using fe80::8a2b:17a5:918:b5b. Set the 'ServerName' directive globally to suppress this message
[Sat Dec 10 20:37:00.499781 2022] [core:error] [pid 14640:tid 400] (OS 11001)No such host is known.  : AH00547: Could not resolve host name htdocs2.com -- ignoring!
AH00558: httpd.exe: Could not reliably determine the server's fully qualified domain name, using fe80::8a2b:17a5:918:b5b. Set the 'ServerName' directive globally to suppress this message
[Sat Dec 10 20:37:00.557186 2022] [mpm_winnt:notice] [pid 14640:tid 400] AH00354: Child: Starting 64 worker threads.
[Sat Dec 10 20:38:46.841532 2022] [mpm_winnt:notice] [pid 3768:tid 404] AH00422: Parent: Received shutdown signal -- Shutting down the server.
[Sat Dec 10 20:39:16.848587 2022] [mpm_winnt:notice] [pid 3768:tid 404] AH00431: Parent: Forcing termination of child process 14640
AH00558: httpd.exe: Could not reliably determine the server's fully qualified domain name, using fe80::8a2b:17a5:918:b5b. Set the 'ServerName' directive globally to suppress this message
[Sat Dec 10 20:39:17.608440 2022] [mpm_winnt:notice] [pid 7892:tid 384] AH00455: Apache/2.4.54 (Win64) PHP/8.2.0 configured -- resuming normal operations
[Sat Dec 10 20:39:17.608440 2022] [mpm_winnt:notice] [pid 7892:tid 384] AH00456: Apache Lounge VS17 Server built: Nov 10 2022 11:16:17
[Sat Dec 10 20:39:17.608440 2022] [core:notice] [pid 7892:tid 384] AH00094: Command line: 'C:\\Apache24\\bin\\httpd.exe -d C:/Apache24'
[Sat Dec 10 20:39:17.608440 2022] [mpm_winnt:notice] [pid 7892:tid 384] AH00418: Parent: Created child process 716
AH00558: httpd.exe: Could not reliably determine the server's fully qualified domain name, using fe80::8a2b:17a5:918:b5b. Set the 'ServerName' directive globally to suppress this message
AH00558: httpd.exe: Could not reliably determine the server's fully qualified domain name, using fe80::8a2b:17a5:918:b5b. Set the 'ServerName' directive globally to suppress this message
[Sat Dec 10 20:39:18.256511 2022] [mpm_winnt:notice] [pid 716:tid 440] AH00354: Child: Starting 64 worker threads.
[Sat Dec 10 20:40:09.622648 2022] [mpm_winnt:notice] [pid 7892:tid 384] AH00422: Parent: Received shutdown signal -- Shutting down the server.
[Sat Dec 10 20:40:38.201491 2022] [mpm_winnt:notice] [pid 716:tid 440] AH00364: Child: All worker threads have exited.
[Sat Dec 10 20:40:38.248095 2022] [mpm_winnt:notice] [pid 7892:tid 384] AH00430: Parent: Child process 716 exited successfully.
[Sat Dec 10 20:40:43.730829 2022] [core:error] [pid 5488:tid 412] (OS 11001)No such host is known.  : AH00547: Could not resolve host name htdocs.local -- ignoring!
AH00558: httpd.exe: Could not reliably determine the server's fully qualified domain name, using fe80::8a2b:17a5:918:b5b. Set the 'ServerName' directive globally to suppress this message
[Sat Dec 10 20:40:43.766106 2022] [mpm_winnt:notice] [pid 5488:tid 412] AH00455: Apache/2.4.54 (Win64) PHP/8.2.0 configured -- resuming normal operations
[Sat Dec 10 20:40:43.766106 2022] [mpm_winnt:notice] [pid 5488:tid 412] AH00456: Apache Lounge VS17 Server built: Nov 10 2022 11:16:17
[Sat Dec 10 20:40:43.766106 2022] [core:notice] [pid 5488:tid 412] AH00094: Command line: 'C:\\Apache24\\bin\\httpd.exe -d C:/Apache24'
[Sat Dec 10 20:40:43.766106 2022] [mpm_winnt:notice] [pid 5488:tid 412] AH00418: Parent: Created child process 5736
[Sat Dec 10 20:40:46.486550 2022] [core:error] [pid 5736:tid 448] (OS 11001)No such host is known.  : AH00547: Could not resolve host name htdocs.local -- ignoring!
AH00558: httpd.exe: Could not reliably determine the server's fully qualified domain name, using fe80::8a2b:17a5:918:b5b. Set the 'ServerName' directive globally to suppress this message
[Sat Dec 10 20:40:48.808483 2022] [core:error] [pid 5736:tid 448] (OS 11001)No such host is known.  : AH00547: Could not resolve host name htdocs.local -- ignoring!
AH00558: httpd.exe: Could not reliably determine the server's fully qualified domain name, using fe80::8a2b:17a5:918:b5b. Set the 'ServerName' directive globally to suppress this message
[Sat Dec 10 20:40:48.847957 2022] [mpm_winnt:notice] [pid 5736:tid 448] AH00354: Child: Starting 64 worker threads.
[Sat Dec 10 20:43:33.121553 2022] [mpm_winnt:notice] [pid 5488:tid 412] AH00422: Parent: Received shutdown signal -- Shutting down the server.
[Sat Dec 10 20:44:01.960526 2022] [mpm_winnt:notice] [pid 5736:tid 448] AH00364: Child: All worker threads have exited.
[Sat Dec 10 20:44:01.991487 2022] [mpm_winnt:notice] [pid 5488:tid 412] AH00430: Parent: Child process 5736 exited successfully.
[Sat Dec 10 20:44:07.173023 2022] [core:error] [pid 6404:tid 384] (OS 11001)No such host is known.  : AH00547: Could not resolve host name htdocs.local -- ignoring!
AH00558: httpd.exe: Could not reliably determine the server's fully qualified domain name, using fe80::8a2b:17a5:918:b5b. Set the 'ServerName' directive globally to suppress this message
[Sat Dec 10 20:44:07.230294 2022] [mpm_winnt:notice] [pid 6404:tid 384] AH00455: Apache/2.4.54 (Win64) PHP/8.2.0 configured -- resuming normal operations
[Sat Dec 10 20:44:07.230294 2022] [mpm_winnt:notice] [pid 6404:tid 384] AH00456: Apache Lounge VS17 Server built: Nov 10 2022 11:16:17
[Sat Dec 10 20:44:07.230294 2022] [core:notice] [pid 6404:tid 384] AH00094: Command line: 'C:\\Apache24\\bin\\httpd.exe -d C:/Apache24'
[Sat Dec 10 20:44:07.230294 2022] [mpm_winnt:notice] [pid 6404:tid 384] AH00418: Parent: Created child process 11248
[Sat Dec 10 20:44:09.996530 2022] [core:error] [pid 11248:tid 436] (OS 11001)No such host is known.  : AH00547: Could not resolve host name htdocs.local -- ignoring!
AH00558: httpd.exe: Could not reliably determine the server's fully qualified domain name, using fe80::8a2b:17a5:918:b5b. Set the 'ServerName' directive globally to suppress this message
[Sat Dec 10 20:44:12.319022 2022] [core:error] [pid 11248:tid 436] (OS 11001)No such host is known.  : AH00547: Could not resolve host name htdocs.local -- ignoring!
AH00558: httpd.exe: Could not reliably determine the server's fully qualified domain name, using fe80::8a2b:17a5:918:b5b. Set the 'ServerName' directive globally to suppress this message
[Sat Dec 10 20:44:12.369203 2022] [mpm_winnt:notice] [pid 11248:tid 436] AH00354: Child: Starting 64 worker threads.
[Sat Dec 10 20:44:36.207162 2022] [mpm_winnt:notice] [pid 6404:tid 384] AH00422: Parent: Received shutdown signal -- Shutting down the server.
[Sat Dec 10 20:45:06.207622 2022] [mpm_winnt:notice] [pid 6404:tid 384] AH00431: Parent: Forcing termination of child process 11248
[Sat Dec 10 20:45:11.473773 2022] [core:error] [pid 3160:tid 420] (OS 11001)No such host is known.  : AH00547: Could not resolve host name htdocs.local -- ignoring!
AH00558: httpd.exe: Could not reliably determine the server's fully qualified domain name, using fe80::8a2b:17a5:918:b5b. Set the 'ServerName' directive globally to suppress this message
[Sat Dec 10 20:45:11.515559 2022] [mpm_winnt:notice] [pid 3160:tid 420] AH00455: Apache/2.4.54 (Win64) PHP/8.2.0 configured -- resuming normal operations
[Sat Dec 10 20:45:11.515559 2022] [mpm_winnt:notice] [pid 3160:tid 420] AH00456: Apache Lounge VS17 Server built: Nov 10 2022 11:16:17
[Sat Dec 10 20:45:11.515559 2022] [core:notice] [pid 3160:tid 420] AH00094: Command line: 'C:\\Apache24\\bin\\httpd.exe -d C:/Apache24'
[Sat Dec 10 20:45:11.531186 2022] [mpm_winnt:notice] [pid 3160:tid 420] AH00418: Parent: Created child process 14724
[Sat Dec 10 20:45:14.245384 2022] [core:error] [pid 14724:tid 404] (OS 11001)No such host is known.  : AH00547: Could not resolve host name htdocs.local -- ignoring!
AH00558: httpd.exe: Could not reliably determine the server's fully qualified domain name, using fe80::8a2b:17a5:918:b5b. Set the 'ServerName' directive globally to suppress this message
[Sat Dec 10 20:45:16.573101 2022] [core:error] [pid 14724:tid 404] (OS 11001)No such host is known.  : AH00547: Could not resolve host name htdocs.local -- ignoring!
AH00558: httpd.exe: Could not reliably determine the server's fully qualified domain name, using fe80::8a2b:17a5:918:b5b. Set the 'ServerName' directive globally to suppress this message
[Sat Dec 10 20:45:16.615742 2022] [mpm_winnt:notice] [pid 14724:tid 404] AH00354: Child: Starting 64 worker threads.
[Sat Dec 10 20:46:27.669327 2022] [mpm_winnt:notice] [pid 3160:tid 420] AH00422: Parent: Received shutdown signal -- Shutting down the server.
[Sat Dec 10 20:46:47.269533 2022] [mpm_winnt:notice] [pid 14724:tid 404] AH00364: Child: All worker threads have exited.
[Sat Dec 10 20:46:47.335448 2022] [mpm_winnt:notice] [pid 3160:tid 420] AH00430: Parent: Child process 14724 exited successfully.
AH00558: httpd.exe: Could not reliably determine the server's fully qualified domain name, using fe80::8a2b:17a5:918:b5b. Set the 'ServerName' directive globally to suppress this message
[Sat Dec 10 20:46:48.347373 2022] [mpm_winnt:notice] [pid 13784:tid 408] AH00455: Apache/2.4.54 (Win64) PHP/8.2.0 configured -- resuming normal operations
[Sat Dec 10 20:46:48.347373 2022] [mpm_winnt:notice] [pid 13784:tid 408] AH00456: Apache Lounge VS17 Server built: Nov 10 2022 11:16:17
[Sat Dec 10 20:46:48.347373 2022] [core:notice] [pid 13784:tid 408] AH00094: Command line: 'C:\\Apache24\\bin\\httpd.exe -d C:/Apache24'
[Sat Dec 10 20:46:48.347373 2022] [mpm_winnt:notice] [pid 13784:tid 408] AH00418: Parent: Created child process 12536
AH00558: httpd.exe: Could not reliably determine the server's fully qualified domain name, using fe80::8a2b:17a5:918:b5b. Set the 'ServerName' directive globally to suppress this message
AH00558: httpd.exe: Could not reliably determine the server's fully qualified domain name, using fe80::8a2b:17a5:918:b5b. Set the 'ServerName' directive globally to suppress this message
[Sat Dec 10 20:46:48.848409 2022] [mpm_winnt:notice] [pid 12536:tid 440] AH00354: Child: Starting 64 worker threads.
[Sun Dec 11 14:01:10.066969 2022] [mpm_winnt:notice] [pid 13784:tid 408] AH00422: Parent: Received shutdown signal -- Shutting down the server.
[Sun Dec 11 14:01:12.082148 2022] [mpm_winnt:notice] [pid 12536:tid 440] AH00364: Child: All worker threads have exited.
[Sun Dec 11 14:01:12.188548 2022] [mpm_winnt:notice] [pid 13784:tid 408] AH00430: Parent: Child process 12536 exited successfully.
AH00558: httpd.exe: Could not reliably determine the server's fully qualified domain name, using fe80::8a2b:17a5:918:b5b. Set the 'ServerName' directive globally to suppress this message
[Sun Dec 11 14:01:15.122877 2022] [mpm_winnt:notice] [pid 2036:tid 432] AH00455: Apache/2.4.54 (Win64) PHP/8.2.0 configured -- resuming normal operations
[Sun Dec 11 14:01:15.122877 2022] [mpm_winnt:notice] [pid 2036:tid 432] AH00456: Apache Lounge VS17 Server built: Nov 10 2022 11:16:17
[Sun Dec 11 14:01:15.122877 2022] [core:notice] [pid 2036:tid 432] AH00094: Command line: 'C:\\Apache24\\bin\\httpd.exe -d C:/Apache24'
[Sun Dec 11 14:01:15.122877 2022] [mpm_winnt:notice] [pid 2036:tid 432] AH00418: Parent: Created child process 7112
AH00558: httpd.exe: Could not reliably determine the server's fully qualified domain name, using fe80::8a2b:17a5:918:b5b. Set the 'ServerName' directive globally to suppress this message
AH00558: httpd.exe: Could not reliably determine the server's fully qualified domain name, using fe80::8a2b:17a5:918:b5b. Set the 'ServerName' directive globally to suppress this message
[Sun Dec 11 14:01:15.637299 2022] [mpm_winnt:notice] [pid 7112:tid 424] AH00354: Child: Starting 64 worker threads.
[Sun Dec 11 14:04:39.718034 2022] [mpm_winnt:notice] [pid 2036:tid 432] AH00422: Parent: Received shutdown signal -- Shutting down the server.
[Sun Dec 11 14:04:41.748832 2022] [mpm_winnt:notice] [pid 7112:tid 424] AH00364: Child: All worker threads have exited.
[Sun Dec 11 14:04:41.764425 2022] [mpm_winnt:notice] [pid 2036:tid 432] AH00430: Parent: Child process 7112 exited successfully.
AH00558: httpd.exe: Could not reliably determine the server's fully qualified domain name, using ::1. Set the 'ServerName' directive globally to suppress this message
[Sun Dec 11 14:05:26.111876 2022] [mpm_winnt:notice] [pid 3340:tid 384] AH00455: Apache/2.4.54 (Win64) PHP/8.2.0 configured -- resuming normal operations
[Sun Dec 11 14:05:26.111876 2022] [mpm_winnt:notice] [pid 3340:tid 384] AH00456: Apache Lounge VS17 Server built: Nov 10 2022 11:16:17
[Sun Dec 11 14:05:26.111876 2022] [core:notice] [pid 3340:tid 384] AH00094: Command line: 'C:\\Apache24\\bin\\httpd.exe -d C:/Apache24'
[Sun Dec 11 14:05:26.119263 2022] [mpm_winnt:notice] [pid 3340:tid 384] AH00418: Parent: Created child process 5456
AH00558: httpd.exe: Could not reliably determine the server's fully qualified domain name, using fe80::8a2b:17a5:918:b5b. Set the 'ServerName' directive globally to suppress this message
AH00558: httpd.exe: Could not reliably determine the server's fully qualified domain name, using fe80::8a2b:17a5:918:b5b. Set the 'ServerName' directive globally to suppress this message
[Sun Dec 11 14:05:28.444205 2022] [mpm_winnt:notice] [pid 5456:tid 404] AH00354: Child: Starting 64 worker threads.
[Sun Dec 11 14:13:54.099548 2022] [mpm_winnt:notice] [pid 3340:tid 384] AH00422: Parent: Received shutdown signal -- Shutting down the server.
[Sun Dec 11 14:13:56.114188 2022] [mpm_winnt:notice] [pid 5456:tid 404] AH00364: Child: All worker threads have exited.
[Sun Dec 11 14:13:56.163787 2022] [mpm_winnt:notice] [pid 3340:tid 384] AH00430: Parent: Child process 5456 exited successfully.
AH00558: httpd.exe: Could not reliably determine the server's fully qualified domain name, using fe80::8a2b:17a5:918:b5b. Set the 'ServerName' directive globally to suppress this message
[Sun Dec 11 14:13:57.220822 2022] [mpm_winnt:notice] [pid 5776:tid 384] AH00455: Apache/2.4.54 (Win64) PHP/8.2.0 configured -- resuming normal operations
[Sun Dec 11 14:13:57.220822 2022] [mpm_winnt:notice] [pid 5776:tid 384] AH00456: Apache Lounge VS17 Server built: Nov 10 2022 11:16:17
[Sun Dec 11 14:13:57.220822 2022] [core:notice] [pid 5776:tid 384] AH00094: Command line: 'C:\\Apache24\\bin\\httpd.exe -d C:/Apache24'
[Sun Dec 11 14:13:57.236442 2022] [mpm_winnt:notice] [pid 5776:tid 384] AH00418: Parent: Created child process 6476
AH00558: httpd.exe: Could not reliably determine the server's fully qualified domain name, using fe80::8a2b:17a5:918:b5b. Set the 'ServerName' directive globally to suppress this message
AH00558: httpd.exe: Could not reliably determine the server's fully qualified domain name, using fe80::8a2b:17a5:918:b5b. Set the 'ServerName' directive globally to suppress this message
[Sun Dec 11 14:13:57.724321 2022] [mpm_winnt:notice] [pid 6476:tid 400] AH00354: Child: Starting 64 worker threads.
[Sun Dec 11 14:19:13.656564 2022] [mpm_winnt:notice] [pid 5776:tid 384] AH00422: Parent: Received shutdown signal -- Shutting down the server.
[Sun Dec 11 14:19:15.691208 2022] [mpm_winnt:notice] [pid 6476:tid 400] AH00364: Child: All worker threads have exited.
[Sun Dec 11 14:19:15.740509 2022] [mpm_winnt:notice] [pid 5776:tid 384] AH00430: Parent: Child process 6476 exited successfully.
AH00558: httpd.exe: Could not reliably determine the server's fully qualified domain name, using fe80::8a2b:17a5:918:b5b. Set the 'ServerName' directive globally to suppress this message
[Sun Dec 11 14:19:17.764054 2022] [mpm_winnt:notice] [pid 12276:tid 428] AH00455: Apache/2.4.54 (Win64) PHP/8.2.0 configured -- resuming normal operations
[Sun Dec 11 14:19:17.764054 2022] [mpm_winnt:notice] [pid 12276:tid 428] AH00456: Apache Lounge VS17 Server built: Nov 10 2022 11:16:17
[Sun Dec 11 14:19:17.764054 2022] [core:notice] [pid 12276:tid 428] AH00094: Command line: 'C:\\Apache24\\bin\\httpd.exe -d C:/Apache24'
[Sun Dec 11 14:19:17.764054 2022] [mpm_winnt:notice] [pid 12276:tid 428] AH00418: Parent: Created child process 6564
AH00558: httpd.exe: Could not reliably determine the server's fully qualified domain name, using fe80::8a2b:17a5:918:b5b. Set the 'ServerName' directive globally to suppress this message
AH00558: httpd.exe: Could not reliably determine the server's fully qualified domain name, using fe80::8a2b:17a5:918:b5b. Set the 'ServerName' directive globally to suppress this message
[Sun Dec 11 14:19:18.429067 2022] [mpm_winnt:notice] [pid 6564:tid 424] AH00354: Child: Starting 64 worker threads.
[Sun Dec 11 14:19:29.590973 2022] [php:warn] [pid 6564:tid 1276] [client 127.0.0.1:50213] PHP Warning:  Undefined variable $connection in C:\\Apache24\\php-includes\\apis\\api-products.php on line 10, referer: http://htdocs.local/
[Sun Dec 11 14:19:29.591973 2022] [php:error] [pid 6564:tid 1276] [client 127.0.0.1:50213] PHP Fatal error:  Uncaught Error: Call to a member function query() on null in C:\\Apache24\\php-includes\\db-helper.inc.php:28\nStack trace:\n#0 C:\\Apache24\\php-includes\\db-helper.inc.php(45): runQuery(NULL, 'SELECT * FROM p...', NULL)\n#1 C:\\Apache24\\php-includes\\apis\\api-products.php(10): getAllProducts(NULL)\n#2 C:\\Apache24\\htdocs\\api\\products.php(6): getProducts()\n#3 {main}\n  thrown in C:\\Apache24\\php-includes\\db-helper.inc.php on line 28, referer: http://htdocs.local/
[Sun Dec 11 14:19:32.654011 2022] [php:warn] [pid 6564:tid 1276] [client 127.0.0.1:50213] PHP Warning:  Undefined variable $connection in C:\\Apache24\\php-includes\\apis\\api-products.php on line 10, referer: http://htdocs.local/
[Sun Dec 11 14:19:32.654011 2022] [php:error] [pid 6564:tid 1276] [client 127.0.0.1:50213] PHP Fatal error:  Uncaught Error: Call to a member function query() on null in C:\\Apache24\\php-includes\\db-helper.inc.php:28\nStack trace:\n#0 C:\\Apache24\\php-includes\\db-helper.inc.php(45): runQuery(NULL, 'SELECT * FROM p...', NULL)\n#1 C:\\Apache24\\php-includes\\apis\\api-products.php(10): getAllProducts(NULL)\n#2 C:\\Apache24\\htdocs\\api\\products.php(6): getProducts()\n#3 {main}\n  thrown in C:\\Apache24\\php-includes\\db-helper.inc.php on line 28, referer: http://htdocs.local/
[Sun Dec 11 14:23:30.510261 2022] [mpm_winnt:notice] [pid 12276:tid 428] AH00422: Parent: Received shutdown signal -- Shutting down the server.
[Sun Dec 11 14:23:32.527889 2022] [mpm_winnt:notice] [pid 6564:tid 424] AH00364: Child: All worker threads have exited.
[Sun Dec 11 14:23:32.584094 2022] [mpm_winnt:notice] [pid 12276:tid 428] AH00430: Parent: Child process 6564 exited successfully.
AH00558: httpd.exe: Could not reliably determine the server's fully qualified domain name, using fe80::8a2b:17a5:918:b5b. Set the 'ServerName' directive globally to suppress this message
[Sun Dec 11 14:23:34.426304 2022] [mpm_winnt:notice] [pid 10972:tid 396] AH00455: Apache/2.4.54 (Win64) PHP/8.2.0 configured -- resuming normal operations
[Sun Dec 11 14:23:34.426304 2022] [mpm_winnt:notice] [pid 10972:tid 396] AH00456: Apache Lounge VS17 Server built: Nov 10 2022 11:16:17
[Sun Dec 11 14:23:34.426304 2022] [core:notice] [pid 10972:tid 396] AH00094: Command line: 'C:\\Apache24\\bin\\httpd.exe -d C:/Apache24'
[Sun Dec 11 14:23:34.426304 2022] [mpm_winnt:notice] [pid 10972:tid 396] AH00418: Parent: Created child process 1032
AH00558: httpd.exe: Could not reliably determine the server's fully qualified domain name, using fe80::8a2b:17a5:918:b5b. Set the 'ServerName' directive globally to suppress this message
AH00558: httpd.exe: Could not reliably determine the server's fully qualified domain name, using fe80::8a2b:17a5:918:b5b. Set the 'ServerName' directive globally to suppress this message
[Sun Dec 11 14:23:35.064331 2022] [mpm_winnt:notice] [pid 1032:tid 400] AH00354: Child: Starting 64 worker threads.
[Sun Dec 11 14:24:26.674051 2022] [mpm_winnt:notice] [pid 10972:tid 396] AH00422: Parent: Received shutdown signal -- Shutting down the server.
[Sun Dec 11 14:24:28.695422 2022] [mpm_winnt:notice] [pid 1032:tid 400] AH00364: Child: All worker threads have exited.
[Sun Dec 11 14:24:28.711133 2022] [mpm_winnt:notice] [pid 10972:tid 396] AH00430: Parent: Child process 1032 exited successfully.
AH00558: httpd.exe: Could not reliably determine the server's fully qualified domain name, using fe80::8a2b:17a5:918:b5b. Set the 'ServerName' directive globally to suppress this message
[Sun Dec 11 14:24:30.139552 2022] [mpm_winnt:notice] [pid 2280:tid 404] AH00455: Apache/2.4.54 (Win64) PHP/8.2.0 configured -- resuming normal operations
[Sun Dec 11 14:24:30.139552 2022] [mpm_winnt:notice] [pid 2280:tid 404] AH00456: Apache Lounge VS17 Server built: Nov 10 2022 11:16:17
[Sun Dec 11 14:24:30.139552 2022] [core:notice] [pid 2280:tid 404] AH00094: Command line: 'C:\\Apache24\\bin\\httpd.exe -d C:/Apache24'
[Sun Dec 11 14:24:30.155164 2022] [mpm_winnt:notice] [pid 2280:tid 404] AH00418: Parent: Created child process 7316
AH00558: httpd.exe: Could not reliably determine the server's fully qualified domain name, using fe80::8a2b:17a5:918:b5b. Set the 'ServerName' directive globally to suppress this message
AH00558: httpd.exe: Could not reliably determine the server's fully qualified domain name, using fe80::8a2b:17a5:918:b5b. Set the 'ServerName' directive globally to suppress this message
[Sun Dec 11 14:24:30.651548 2022] [mpm_winnt:notice] [pid 7316:tid 400] AH00354: Child: Starting 64 worker threads.
[Sun Dec 11 14:25:17.204755 2022] [php:warn] [pid 7316:tid 1268] [client 127.0.0.1:50386] PHP Warning:  Undefined variable $connection in C:\\Apache24\\php-includes\\apis\\api-products.php on line 10, referer: http://htdocs.local/
[Sun Dec 11 14:25:17.204755 2022] [php:error] [pid 7316:tid 1268] [client 127.0.0.1:50386] PHP Fatal error:  Uncaught Error: Call to a member function query() on null in C:\\Apache24\\php-includes\\db-helper.inc.php:28\nStack trace:\n#0 C:\\Apache24\\php-includes\\db-helper.inc.php(45): runQuery(NULL, 'SELECT * FROM p...', NULL)\n#1 C:\\Apache24\\php-includes\\apis\\api-products.php(10): getAllProducts(NULL)\n#2 C:\\Apache24\\htdocs\\api\\products.php(6): getProducts()\n#3 {main}\n  thrown in C:\\Apache24\\php-includes\\db-helper.inc.php on line 28, referer: http://htdocs.local/
[Sun Dec 11 14:28:33.872125 2022] [php:warn] [pid 7316:tid 1268] [client 127.0.0.1:50479] PHP Warning:  Undefined variable $connection in C:\\Apache24\\php-includes\\apis\\api-products.php on line 10, referer: http://htdocs.local/
[Sun Dec 11 14:28:33.872125 2022] [php:error] [pid 7316:tid 1268] [client 127.0.0.1:50479] PHP Fatal error:  Uncaught Error: Call to a member function query() on null in C:\\Apache24\\php-includes\\db-helper.inc.php:28\nStack trace:\n#0 C:\\Apache24\\php-includes\\db-helper.inc.php(45): runQuery(NULL, 'SELECT * FROM p...', NULL)\n#1 C:\\Apache24\\php-includes\\apis\\api-products.php(10): getAllProducts(NULL)\n#2 C:\\Apache24\\htdocs\\api\\products.php(6): getProducts()\n#3 {main}\n  thrown in C:\\Apache24\\php-includes\\db-helper.inc.php on line 28, referer: http://htdocs.local/
[Sun Dec 11 14:30:52.564598 2022] [php:warn] [pid 7316:tid 1272] [client 127.0.0.1:50542] PHP Warning:  require_once(.\\..\\db-helper.inc.php): Failed to open stream: No such file or directory in C:\\Apache24\\php-includes\\apis\\api-products.php on line 4, referer: http://htdocs.local/
[Sun Dec 11 14:30:52.565580 2022] [php:error] [pid 7316:tid 1272] [client 127.0.0.1:50542] PHP Fatal error:  Uncaught Error: Failed opening required '.\\..\\db-helper.inc.php' (include_path='.;C:\\php\\pear') in C:\\Apache24\\php-includes\\apis\\api-products.php:4\nStack trace:\n#0 C:\\Apache24\\htdocs\\api\\products.php(2): require_once()\n#1 {main}\n  thrown in C:\\Apache24\\php-includes\\apis\\api-products.php on line 4, referer: http://htdocs.local/
[Sun Dec 11 14:31:18.348884 2022] [php:warn] [pid 7316:tid 1268] [client 127.0.0.1:50543] PHP Warning:  require_once(./../db-helper.inc.php): Failed to open stream: No such file or directory in C:\\Apache24\\php-includes\\apis\\api-products.php on line 4, referer: http://htdocs.local/
[Sun Dec 11 14:31:18.348884 2022] [php:error] [pid 7316:tid 1268] [client 127.0.0.1:50543] PHP Fatal error:  Uncaught Error: Failed opening required './../db-helper.inc.php' (include_path='.;C:\\php\\pear') in C:\\Apache24\\php-includes\\apis\\api-products.php:4\nStack trace:\n#0 C:\\Apache24\\htdocs\\api\\products.php(2): require_once()\n#1 {main}\n  thrown in C:\\Apache24\\php-includes\\apis\\api-products.php on line 4, referer: http://htdocs.local/
[Sun Dec 11 14:32:11.562175 2022] [php:warn] [pid 7316:tid 1272] [client 127.0.0.1:50558] PHP Warning:  include_once(./../db-helper.inc.php): Failed to open stream: No such file or directory in C:\\Apache24\\php-includes\\apis\\api-products.php on line 4, referer: http://htdocs.local/
[Sun Dec 11 14:32:11.562175 2022] [php:warn] [pid 7316:tid 1272] [client 127.0.0.1:50558] PHP Warning:  include_once(): Failed opening './../db-helper.inc.php' for inclusion (include_path='.;C:\\php\\pear') in C:\\Apache24\\php-includes\\apis\\api-products.php on line 4, referer: http://htdocs.local/
[Sun Dec 11 14:32:11.562175 2022] [php:warn] [pid 7316:tid 1272] [client 127.0.0.1:50558] PHP Warning:  include_once(./../class-helper.inc.php): Failed to open stream: No such file or directory in C:\\Apache24\\php-includes\\apis\\api-products.php on line 5, referer: http://htdocs.local/
[Sun Dec 11 14:32:11.562175 2022] [php:warn] [pid 7316:tid 1272] [client 127.0.0.1:50558] PHP Warning:  include_once(): Failed opening './../class-helper.inc.php' for inclusion (include_path='.;C:\\php\\pear') in C:\\Apache24\\php-includes\\apis\\api-products.php on line 5, referer: http://htdocs.local/
[Sun Dec 11 14:32:11.563170 2022] [php:warn] [pid 7316:tid 1272] [client 127.0.0.1:50558] PHP Warning:  include_once(./../config.inc.php): Failed to open stream: No such file or directory in C:\\Apache24\\php-includes\\apis\\api-products.php on line 6, referer: http://htdocs.local/
[Sun Dec 11 14:32:11.563170 2022] [php:warn] [pid 7316:tid 1272] [client 127.0.0.1:50558] PHP Warning:  include_once(): Failed opening './../config.inc.php' for inclusion (include_path='.;C:\\php\\pear') in C:\\Apache24\\php-includes\\apis\\api-products.php on line 6, referer: http://htdocs.local/
[Sun Dec 11 14:32:11.563170 2022] [php:error] [pid 7316:tid 1272] [client 127.0.0.1:50558] PHP Fatal error:  Uncaught Error: Call to undefined function getAllProducts() in C:\\Apache24\\php-includes\\apis\\api-products.php:10\nStack trace:\n#0 C:\\Apache24\\htdocs\\api\\products.php(6): getProducts()\n#1 {main}\n  thrown in C:\\Apache24\\php-includes\\apis\\api-products.php on line 10, referer: http://htdocs.local/
[Sun Dec 11 14:33:02.627910 2022] [php:warn] [pid 7316:tid 1268] [client 127.0.0.1:50582] PHP Warning:  include_once(C:\\Apache24\\php-includes\\apis..\\db-helper.inc.php): Failed to open stream: No such file or directory in C:\\Apache24\\php-includes\\apis\\api-products.php on line 4, referer: http://htdocs.local/
[Sun Dec 11 14:33:02.627910 2022] [php:warn] [pid 7316:tid 1268] [client 127.0.0.1:50582] PHP Warning:  include_once(): Failed opening 'C:\\Apache24\\php-includes\\apis..\\db-helper.inc.php' for inclusion (include_path='.;C:\\php\\pear') in C:\\Apache24\\php-includes\\apis\\api-products.php on line 4, referer: http://htdocs.local/
[Sun Dec 11 14:33:02.628903 2022] [php:warn] [pid 7316:tid 1268] [client 127.0.0.1:50582] PHP Warning:  include_once(C:\\Apache24\\php-includes\\apis..\\class-helper.inc.php): Failed to open stream: No such file or directory in C:\\Apache24\\php-includes\\apis\\api-products.php on line 5, referer: http://htdocs.local/
[Sun Dec 11 14:33:02.628903 2022] [php:warn] [pid 7316:tid 1268] [client 127.0.0.1:50582] PHP Warning:  include_once(): Failed opening 'C:\\Apache24\\php-includes\\apis..\\class-helper.inc.php' for inclusion (include_path='.;C:\\php\\pear') in C:\\Apache24\\php-includes\\apis\\api-products.php on line 5, referer: http://htdocs.local/
[Sun Dec 11 14:33:02.628903 2022] [php:warn] [pid 7316:tid 1268] [client 127.0.0.1:50582] PHP Warning:  include_once(C:\\Apache24\\php-includes\\apis..\\config.inc.php): Failed to open stream: No such file or directory in C:\\Apache24\\php-includes\\apis\\api-products.php on line 6, referer: http://htdocs.local/
[Sun Dec 11 14:33:02.628903 2022] [php:warn] [pid 7316:tid 1268] [client 127.0.0.1:50582] PHP Warning:  include_once(): Failed opening 'C:\\Apache24\\php-includes\\apis..\\config.inc.php' for inclusion (include_path='.;C:\\php\\pear') in C:\\Apache24\\php-includes\\apis\\api-products.php on line 6, referer: http://htdocs.local/
[Sun Dec 11 14:33:02.628903 2022] [php:error] [pid 7316:tid 1268] [client 127.0.0.1:50582] PHP Fatal error:  Uncaught Error: Call to undefined function getAllProducts() in C:\\Apache24\\php-includes\\apis\\api-products.php:10\nStack trace:\n#0 C:\\Apache24\\htdocs\\api\\products.php(6): getProducts()\n#1 {main}\n  thrown in C:\\Apache24\\php-includes\\apis\\api-products.php on line 10, referer: http://htdocs.local/
[Sun Dec 11 14:33:16.816905 2022] [php:warn] [pid 7316:tid 1272] [client 127.0.0.1:50605] PHP Warning:  Undefined variable $connection in C:\\Apache24\\php-includes\\apis\\api-products.php on line 10, referer: http://htdocs.local/
[Sun Dec 11 14:33:16.816905 2022] [php:error] [pid 7316:tid 1272] [client 127.0.0.1:50605] PHP Fatal error:  Uncaught Error: Call to a member function query() on null in C:\\Apache24\\php-includes\\db-helper.inc.php:28\nStack trace:\n#0 C:\\Apache24\\php-includes\\db-helper.inc.php(45): runQuery(NULL, 'SELECT * FROM p...', NULL)\n#1 C:\\Apache24\\php-includes\\apis\\api-products.php(10): getAllProducts(NULL)\n#2 C:\\Apache24\\htdocs\\api\\products.php(6): getProducts()\n#3 {main}\n  thrown in C:\\Apache24\\php-includes\\db-helper.inc.php on line 28, referer: http://htdocs.local/
[Sun Dec 11 14:34:48.716291 2022] [php:warn] [pid 7316:tid 1268] [client 127.0.0.1:50656] PHP Warning:  include_once(.\\db-helper.inc.php): Failed to open stream: No such file or directory in C:\\Apache24\\php-includes\\apis\\api-products.php on line 9, referer: http://htdocs.local/
[Sun Dec 11 14:34:48.716291 2022] [php:warn] [pid 7316:tid 1268] [client 127.0.0.1:50656] PHP Warning:  include_once(): Failed opening '.\\db-helper.inc.php' for inclusion (include_path='.;C:\\php\\pear') in C:\\Apache24\\php-includes\\apis\\api-products.php on line 9, referer: http://htdocs.local/
[Sun Dec 11 14:34:48.716291 2022] [php:warn] [pid 7316:tid 1268] [client 127.0.0.1:50656] PHP Warning:  include_once(.\\class-helper.inc.php): Failed to open stream: No such file or directory in C:\\Apache24\\php-includes\\apis\\api-products.php on line 10, referer: http://htdocs.local/
[Sun Dec 11 14:34:48.716291 2022] [php:warn] [pid 7316:tid 1268] [client 127.0.0.1:50656] PHP Warning:  include_once(): Failed opening '.\\class-helper.inc.php' for inclusion (include_path='.;C:\\php\\pear') in C:\\Apache24\\php-includes\\apis\\api-products.php on line 10, referer: http://htdocs.local/
[Sun Dec 11 14:34:48.717288 2022] [php:warn] [pid 7316:tid 1268] [client 127.0.0.1:50656] PHP Warning:  include_once(.\\config.inc.php): Failed to open stream: No such file or directory in C:\\Apache24\\php-includes\\apis\\api-products.php on line 11, referer: http://htdocs.local/
[Sun Dec 11 14:34:48.717288 2022] [php:warn] [pid 7316:tid 1268] [client 127.0.0.1:50656] PHP Warning:  include_once(): Failed opening '.\\config.inc.php' for inclusion (include_path='.;C:\\php\\pear') in C:\\Apache24\\php-includes\\apis\\api-products.php on line 11, referer: http://htdocs.local/
[Sun Dec 11 14:34:48.717288 2022] [php:error] [pid 7316:tid 1268] [client 127.0.0.1:50656] PHP Fatal error:  Uncaught Error: Call to undefined function getAllProducts() in C:\\Apache24\\php-includes\\apis\\api-products.php:15\nStack trace:\n#0 C:\\Apache24\\htdocs\\api\\products.php(6): getProducts()\n#1 {main}\n  thrown in C:\\Apache24\\php-includes\\apis\\api-products.php on line 15, referer: http://htdocs.local/
[Sun Dec 11 14:35:08.289753 2022] [php:warn] [pid 7316:tid 1272] [client 127.0.0.1:50657] PHP Warning:  Undefined variable $connection in C:\\Apache24\\php-includes\\apis\\api-products.php on line 15, referer: http://htdocs.local/
[Sun Dec 11 14:35:08.289753 2022] [php:error] [pid 7316:tid 1272] [client 127.0.0.1:50657] PHP Fatal error:  Uncaught Error: Call to a member function query() on null in C:\\Apache24\\php-includes\\apis\\db-helper.inc.php:28\nStack trace:\n#0 C:\\Apache24\\php-includes\\apis\\db-helper.inc.php(45): runQuery(NULL, 'SELECT * FROM p...', NULL)\n#1 C:\\Apache24\\php-includes\\apis\\api-products.php(15): getAllProducts(NULL)\n#2 C:\\Apache24\\htdocs\\api\\products.php(6): getProducts()\n#3 {main}\n  thrown in C:\\Apache24\\php-includes\\apis\\db-helper.inc.php on line 28, referer: http://htdocs.local/
[Sun Dec 11 14:36:08.845132 2022] [php:warn] [pid 7316:tid 1268] [client 127.0.0.1:50701] PHP Warning:  Undefined variable $connection in C:\\Apache24\\php-includes\\apis\\api-products.php on line 15, referer: http://htdocs.local/
[Sun Dec 11 14:36:08.845132 2022] [php:error] [pid 7316:tid 1268] [client 127.0.0.1:50701] PHP Fatal error:  Uncaught Error: Call to a member function query() on null in C:\\Apache24\\php-includes\\apis\\db-helper.inc.php:28\nStack trace:\n#0 C:\\Apache24\\php-includes\\apis\\db-helper.inc.php(45): runQuery(NULL, 'SELECT * FROM p...', NULL)\n#1 C:\\Apache24\\php-includes\\apis\\api-products.php(15): getAllProducts(NULL)\n#2 C:\\Apache24\\htdocs\\api\\products.php(6): getProducts()\n#3 {main}\n  thrown in C:\\Apache24\\php-includes\\apis\\db-helper.inc.php on line 28, referer: http://htdocs.local/
[Sun Dec 11 14:39:00.129602 2022] [php:warn] [pid 7316:tid 1272] [client 127.0.0.1:50801] PHP Warning:  Undefined variable $connection in C:\\Apache24\\php-includes\\apis\\api-products.php on line 15, referer: http://htdocs.local/
[Sun Dec 11 14:39:00.129602 2022] [php:error] [pid 7316:tid 1272] [client 127.0.0.1:50801] PHP Fatal error:  Uncaught Error: Call to a member function query() on null in C:\\Apache24\\php-includes\\apis\\db-helper.inc.php:28\nStack trace:\n#0 C:\\Apache24\\php-includes\\apis\\db-helper.inc.php(45): runQuery(NULL, 'SELECT * FROM p...', NULL)\n#1 C:\\Apache24\\php-includes\\apis\\api-products.php(15): getAllProducts(NULL)\n#2 C:\\Apache24\\htdocs\\api\\products.php(6): getProducts()\n#3 {main}\n  thrown in C:\\Apache24\\php-includes\\apis\\db-helper.inc.php on line 28, referer: http://htdocs.local/
[Sun Dec 11 14:39:49.486272 2022] [php:warn] [pid 7316:tid 1268] [client 127.0.0.1:50827] PHP Warning:  Undefined variable $connection in C:\\Apache24\\php-includes\\apis\\api-products.php on line 15, referer: http://htdocs.local/
[Sun Dec 11 14:39:49.486272 2022] [php:error] [pid 7316:tid 1268] [client 127.0.0.1:50827] PHP Fatal error:  Uncaught Error: Call to a member function query() on null in C:\\Apache24\\php-includes\\apis\\db-helper.inc.php:28\nStack trace:\n#0 C:\\Apache24\\php-includes\\apis\\db-helper.inc.php(45): runQuery(NULL, 'SELECT * FROM p...', NULL)\n#1 C:\\Apache24\\php-includes\\apis\\api-products.php(15): getAllProducts(NULL)\n#2 C:\\Apache24\\htdocs\\api\\products.php(6): getProducts()\n#3 {main}\n  thrown in C:\\Apache24\\php-includes\\apis\\db-helper.inc.php on line 28, referer: http://htdocs.local/
[Sun Dec 11 14:44:25.352549 2022] [php:warn] [pid 7316:tid 1272] [client 127.0.0.1:50970] PHP Warning:  Undefined variable $dbstring in C:\\Apache24\\php-includes\\apis\\api-products.php on line 15, referer: http://htdocs.local/
[Sun Dec 11 14:45:13.643240 2022] [php:error] [pid 7316:tid 1272] [client 127.0.0.1:50995] PHP Fatal error:  Uncaught Error: Undefined constant "CONNECTION" in C:\\Apache24\\php-includes\\apis\\api-products.php:16\nStack trace:\n#0 C:\\Apache24\\htdocs\\api\\products.php(6): getProducts()\n#1 {main}\n  thrown in C:\\Apache24\\php-includes\\apis\\api-products.php on line 16, referer: http://htdocs.local/
[Sun Dec 11 14:48:14.761958 2022] [php:warn] [pid 7316:tid 1272] [client 127.0.0.1:51081] PHP Warning:  Undefined variable $connection in C:\\Apache24\\php-includes\\apis\\api-products.php on line 15, referer: http://htdocs.local/
[Sun Dec 11 14:48:14.761958 2022] [php:error] [pid 7316:tid 1272] [client 127.0.0.1:51081] PHP Fatal error:  Uncaught Error: Call to a member function query() on null in C:\\Apache24\\php-includes\\apis\\db-helper.inc.php:28\nStack trace:\n#0 C:\\Apache24\\php-includes\\apis\\db-helper.inc.php(45): runQuery(NULL, 'SELECT * FROM p...', NULL)\n#1 C:\\Apache24\\php-includes\\apis\\api-products.php(15): getAllProducts(NULL)\n#2 C:\\Apache24\\htdocs\\api\\products.php(6): getProducts()\n#3 {main}\n  thrown in C:\\Apache24\\php-includes\\apis\\db-helper.inc.php on line 28, referer: http://htdocs.local/
[Sun Dec 11 14:49:17.023787 2022] [php:error] [pid 7316:tid 1268] [client 127.0.0.1:51111] PHP Fatal error:  Uncaught PDOException: SQLSTATE[HY000] [1130] Host 'DESKTOP-MMB81ER' is not allowed to connect to this MySQL server in C:\\Apache24\\php-includes\\config.inc.php:10\nStack trace:\n#0 C:\\Apache24\\php-includes\\config.inc.php(10): PDO->__construct('mysql:host=DESK...', 'root', Object(SensitiveParameterValue))\n#1 C:\\Apache24\\php-includes\\apis\\api-products.php(6): require_once('C:\\\\Apache24\\\\php...')\n#2 C:\\Apache24\\htdocs\\api\\products.php(2): require_once('C:\\\\Apache24\\\\php...')\n#3 {main}\n  thrown in C:\\Apache24\\php-includes\\config.inc.php on line 10, referer: http://htdocs.local/
[Sun Dec 11 14:49:38.267665 2022] [php:warn] [pid 7316:tid 1268] [client 127.0.0.1:51126] PHP Warning:  Undefined variable $connection in C:\\Apache24\\php-includes\\apis\\api-products.php on line 10, referer: http://htdocs.local/
[Sun Dec 11 14:49:38.267665 2022] [php:error] [pid 7316:tid 1268] [client 127.0.0.1:51126] PHP Fatal error:  Uncaught Error: Call to a member function query() on null in C:\\Apache24\\php-includes\\db-helper.inc.php:28\nStack trace:\n#0 C:\\Apache24\\php-includes\\db-helper.inc.php(45): runQuery(NULL, 'SELECT * FROM p...', NULL)\n#1 C:\\Apache24\\php-includes\\apis\\api-products.php(10): getAllProducts(NULL)\n#2 C:\\Apache24\\htdocs\\api\\products.php(6): getProducts()\n#3 {main}\n  thrown in C:\\Apache24\\php-includes\\db-helper.inc.php on line 28, referer: http://htdocs.local/
[Sun Dec 11 14:49:50.955966 2022] [php:warn] [pid 7316:tid 1268] [client 127.0.0.1:51136] PHP Warning:  Undefined variable $connection in C:\\Apache24\\php-includes\\apis\\api-products.php on line 10, referer: http://htdocs.local/
[Sun Dec 11 14:49:50.955966 2022] [php:error] [pid 7316:tid 1268] [client 127.0.0.1:51136] PHP Fatal error:  Uncaught Error: Call to a member function query() on null in C:\\Apache24\\php-includes\\db-helper.inc.php:28\nStack trace:\n#0 C:\\Apache24\\php-includes\\db-helper.inc.php(45): runQuery(NULL, 'SELECT * FROM p...', NULL)\n#1 C:\\Apache24\\php-includes\\apis\\api-products.php(10): getAllProducts(NULL)\n#2 C:\\Apache24\\htdocs\\api\\products.php(6): getProducts()\n#3 {main}\n  thrown in C:\\Apache24\\php-includes\\db-helper.inc.php on line 28, referer: http://htdocs.local/
[Sun Dec 11 14:50:07.714937 2022] [php:warn] [pid 7316:tid 1272] [client 127.0.0.1:51147] PHP Warning:  Undefined variable $connection in C:\\Apache24\\php-includes\\apis\\api-products.php on line 10, referer: http://htdocs.local/
[Sun Dec 11 14:50:07.714937 2022] [php:error] [pid 7316:tid 1272] [client 127.0.0.1:51147] PHP Fatal error:  Uncaught Error: Call to a member function query() on null in C:\\Apache24\\php-includes\\db-helper.inc.php:28\nStack trace:\n#0 C:\\Apache24\\php-includes\\db-helper.inc.php(45): runQuery(NULL, 'SELECT * FROM p...', NULL)\n#1 C:\\Apache24\\php-includes\\apis\\api-products.php(10): getAllProducts(NULL)\n#2 C:\\Apache24\\htdocs\\api\\products.php(6): getProducts()\n#3 {main}\n  thrown in C:\\Apache24\\php-includes\\db-helper.inc.php on line 28, referer: http://htdocs.local/
[Sun Dec 11 14:50:30.214043 2022] [php:warn] [pid 7316:tid 1272] [client 127.0.0.1:51161] PHP Warning:  Undefined variable $connection in C:\\Apache24\\php-includes\\apis\\api-products.php on line 10, referer: http://htdocs.local/
[Sun Dec 11 14:50:30.214043 2022] [php:error] [pid 7316:tid 1272] [client 127.0.0.1:51161] PHP Fatal error:  Uncaught Error: Call to a member function query() on null in C:\\Apache24\\php-includes\\db-helper.inc.php:28\nStack trace:\n#0 C:\\Apache24\\php-includes\\db-helper.inc.php(45): runQuery(NULL, 'SELECT * FROM p...', NULL)\n#1 C:\\Apache24\\php-includes\\apis\\api-products.php(10): getAllProducts(NULL)\n#2 C:\\Apache24\\htdocs\\api\\products.php(6): getProducts()\n#3 {main}\n  thrown in C:\\Apache24\\php-includes\\db-helper.inc.php on line 28, referer: http://htdocs.local/
[Sun Dec 11 14:52:00.204586 2022] [php:warn] [pid 7316:tid 1268] [client 127.0.0.1:51212] PHP Warning:  Array to string conversion in C:\\Apache24\\htdocs\\api\\products.php on line 6, referer: http://htdocs.local/
[Sun Dec 11 14:52:18.434519 2022] [php:error] [pid 7316:tid 1272] [client 127.0.0.1:51224] PHP Fatal error:  Uncaught Error: Object of class Product could not be converted to string in C:\\Apache24\\htdocs\\api\\products.php:6\nStack trace:\n#0 {main}\n  thrown in C:\\Apache24\\htdocs\\api\\products.php on line 6, referer: http://htdocs.local/
[Sun Dec 11 16:10:44.605221 2022] [mpm_winnt:notice] [pid 2280:tid 404] AH00422: Parent: Received shutdown signal -- Shutting down the server.
[Sun Dec 11 16:10:46.620117 2022] [mpm_winnt:notice] [pid 7316:tid 400] AH00364: Child: All worker threads have exited.
[Sun Dec 11 16:10:46.800685 2022] [mpm_winnt:notice] [pid 2280:tid 404] AH00430: Parent: Child process 7316 exited successfully.
AH00558: httpd.exe: Could not reliably determine the server's fully qualified domain name, using fe80::8a2b:17a5:918:b5b. Set the 'ServerName' directive globally to suppress this message
[Sun Dec 11 16:14:35.732132 2022] [mpm_winnt:notice] [pid 7660:tid 384] AH00455: Apache/2.4.54 (Win64) PHP/8.2.0 configured -- resuming normal operations
[Sun Dec 11 16:14:35.732132 2022] [mpm_winnt:notice] [pid 7660:tid 384] AH00456: Apache Lounge VS17 Server built: Nov 10 2022 11:16:17
[Sun Dec 11 16:14:35.732132 2022] [core:notice] [pid 7660:tid 384] AH00094: Command line: 'C:\\Apache24\\bin\\httpd.exe -d C:/Apache24'
[Sun Dec 11 16:14:35.738388 2022] [mpm_winnt:notice] [pid 7660:tid 384] AH00418: Parent: Created child process 2160
AH00558: httpd.exe: Could not reliably determine the server's fully qualified domain name, using fe80::8a2b:17a5:918:b5b. Set the 'ServerName' directive globally to suppress this message
AH00558: httpd.exe: Could not reliably determine the server's fully qualified domain name, using fe80::8a2b:17a5:918:b5b. Set the 'ServerName' directive globally to suppress this message
[Sun Dec 11 16:14:36.263980 2022] [mpm_winnt:notice] [pid 2160:tid 424] AH00354: Child: Starting 64 worker threads.
[Sun Dec 11 16:27:42.762909 2022] [php:warn] [pid 2160:tid 1272] [client 127.0.0.1:57863] PHP Warning:  require_once(../../php-includes/apis/api-post-product.php): Failed to open stream: No such file or directory in C:\\Apache24\\admin.robertbakery.com\\api\\products\\create.php on line 2
[Sun Dec 11 16:27:42.765262 2022] [php:error] [pid 2160:tid 1272] [client 127.0.0.1:57863] PHP Fatal error:  Uncaught Error: Failed opening required '../../php-includes/apis/api-post-product.php' (include_path='.;C:\\php\\pear') in C:\\Apache24\\admin.robertbakery.com\\api\\products\\create.php:2\nStack trace:\n#0 {main}\n  thrown in C:\\Apache24\\admin.robertbakery.com\\api\\products\\create.php on line 2
[Sun Dec 11 16:28:48.127722 2022] [php:warn] [pid 2160:tid 1272] [client 127.0.0.1:61283] PHP Warning:  Undefined variable $data in C:\\Apache24\\php-includes\\apis\\api-post-product.php on line 10
[Sun Dec 11 16:28:48.127722 2022] [php:warn] [pid 2160:tid 1272] [client 127.0.0.1:61283] PHP Warning:  Attempt to read property "productName" on null in C:\\Apache24\\php-includes\\db-helper.inc.php on line 70
[Sun Dec 11 16:28:48.128617 2022] [php:warn] [pid 2160:tid 1272] [client 127.0.0.1:61283] PHP Warning:  Undefined variable $User in C:\\Apache24\\php-includes\\db-helper.inc.php on line 73
[Sun Dec 11 16:29:12.594255 2022] [php:warn] [pid 2160:tid 1272] [client 127.0.0.1:61285] PHP Warning:  Undefined variable $User in C:\\Apache24\\php-includes\\db-helper.inc.php on line 73
[Sun Dec 11 16:48:26.527448 2022] [php:error] [pid 2160:tid 1272] [client 127.0.0.1:61397] PHP Fatal error:  Cannot redeclare updateProduct() (previously declared in C:\\Apache24\\php-includes\\apis\\api-patch-product.php:8) in C:\\Apache24\\php-includes\\db-helper.inc.php on line 91
[Sun Dec 11 16:51:35.800564 2022] [php:error] [pid 2160:tid 1272] [client 127.0.0.1:61410] PHP Fatal error:  Uncaught Error: Object of class Payload could not be converted to string in C:\\Apache24\\admin.robertbakery.com\\api\\products\\update.php:13\nStack trace:\n#0 {main}\n  thrown in C:\\Apache24\\admin.robertbakery.com\\api\\products\\update.php on line 13
[Sun Dec 11 16:57:48.782799 2022] [php:error] [pid 2160:tid 1272] [client 127.0.0.1:61439] PHP Fatal error:  Uncaught ArgumentCountError: Too few arguments to function getAllProducts(), 1 passed in C:\\Apache24\\php-includes\\apis\\api-get-products.php on line 10 and exactly 2 expected in C:\\Apache24\\php-includes\\db-helper.inc.php:39\nStack trace:\n#0 C:\\Apache24\\php-includes\\apis\\api-get-products.php(10): getAllProducts(Object(PDO))\n#1 C:\\Apache24\\robertbakery.com\\api\\products.php(6): getProducts(true)\n#2 {main}\n  thrown in C:\\Apache24\\php-includes\\db-helper.inc.php on line 39
[Sun Dec 11 16:58:03.716339 2022] [php:warn] [pid 2160:tid 1272] [client 127.0.0.1:61442] PHP Warning:  Undefined variable $products in C:\\Apache24\\php-includes\\db-helper.inc.php on line 55
